Analysis & Synthesis report for contadorRegMemo
Fri Nov 04 17:35:26 2022
Quartus Prime Version 20.1.0 Build 711 06/05/2020 SJ Lite Edition


---------------------
; Table of Contents ;
---------------------
  1. Legal Notice
  2. Analysis & Synthesis Summary
  3. Analysis & Synthesis Settings
  4. Parallel Compilation
  5. Analysis & Synthesis Source Files Read
  6. Analysis & Synthesis Resource Usage Summary
  7. Analysis & Synthesis Resource Utilization by Entity
  8. General Register Statistics
  9. Multiplexer Restructuring Statistics (Restructuring Performed)
 10. Parameter Settings for User Entity Instance: Top-level Entity: |contadorRegMemo
 11. Parameter Settings for User Entity Instance: memoriaROM:ROM1
 12. Parameter Settings for User Entity Instance: memoriaRAM:RAM1
 13. Parameter Settings for User Entity Instance: processador:PROC
 14. Parameter Settings for User Entity Instance: processador:PROC|muxGenerico2x1:MUX1
 15. Parameter Settings for User Entity Instance: processador:PROC|muxGenerico4x1:MUXJUMP
 16. Parameter Settings for User Entity Instance: processador:PROC|bancoRegistradoresArqRegMem:REGS
 17. Parameter Settings for User Entity Instance: processador:PROC|registradorGenerico:REGEND
 18. Parameter Settings for User Entity Instance: processador:PROC|registradorGenerico:FlagEq
 19. Parameter Settings for User Entity Instance: processador:PROC|registradorGenerico:PC
 20. Parameter Settings for User Entity Instance: processador:PROC|somaConstante:incrementaPC
 21. Parameter Settings for User Entity Instance: processador:PROC|ULASomaSub:ULA1
 22. Parameter Settings for User Entity Instance: registradorGenerico:REGLEDR
 23. Parameter Settings for User Entity Instance: registradorGenerico:REGLED1
 24. Parameter Settings for User Entity Instance: registradorGenerico:REGLED2
 25. Parameter Settings for User Entity Instance: registradorGenerico:REGHEX0
 26. Parameter Settings for User Entity Instance: registradorGenerico:REGHEX1
 27. Parameter Settings for User Entity Instance: registradorGenerico:REGHEX2
 28. Parameter Settings for User Entity Instance: registradorGenerico:REGHEX3
 29. Parameter Settings for User Entity Instance: registradorGenerico:REGHEX4
 30. Parameter Settings for User Entity Instance: registradorGenerico:REGHEX5
 31. Parameter Settings for User Entity Instance: divisorGenerico_e_Interface:DIVISORINTERFACE|divisorGenerico:baseTempo
 32. Port Connectivity Checks: "divisorGenerico_e_Interface:DIVISORINTERFACE|flipflopGenerico:registraUmSegundo"
 33. Port Connectivity Checks: "flipflopGenerico:FFKEY1"
 34. Port Connectivity Checks: "conversorHex7Seg:DECOHEX5"
 35. Port Connectivity Checks: "conversorHex7Seg:DECOHEX4"
 36. Port Connectivity Checks: "conversorHex7Seg:DECOHEX3"
 37. Port Connectivity Checks: "conversorHex7Seg:DECOHEX2"
 38. Port Connectivity Checks: "conversorHex7Seg:DECOHEX1"
 39. Port Connectivity Checks: "conversorHex7Seg:DECOHEX0"
 40. Port Connectivity Checks: "Decodificador3x8:DECO2"
 41. Port Connectivity Checks: "Decodificador3x8:DECO1"
 42. Port Connectivity Checks: "processador:PROC|registradorGenerico:PC"
 43. Post-Synthesis Netlist Statistics for Top Partition
 44. Elapsed Time Per Partition
 45. Analysis & Synthesis Messages



----------------
; Legal Notice ;
----------------
Copyright (C) 2020  Intel Corporation. All rights reserved.
Your use of Intel Corporation's design tools, logic functions 
and other software and tools, and any partner logic 
functions, and any output files from any of the foregoing 
(including device programming or simulation files), and any 
associated documentation or information are expressly subject 
to the terms and conditions of the Intel Program License 
Subscription Agreement, the Intel Quartus Prime License Agreement,
the Intel FPGA IP License Agreement, or other applicable license
agreement, including, without limitation, that your use is for
the sole purpose of programming logic devices manufactured by
Intel and sold by Intel or its authorized distributors.  Please
refer to the applicable agreement for further details, at
https://fpgasoftware.intel.com/eula.



+-------------------------------------------------------------------------------+
; Analysis & Synthesis Summary                                                  ;
+---------------------------------+---------------------------------------------+
; Analysis & Synthesis Status     ; Successful - Fri Nov 04 17:35:26 2022       ;
; Quartus Prime Version           ; 20.1.0 Build 711 06/05/2020 SJ Lite Edition ;
; Revision Name                   ; contadorRegMemo                             ;
; Top-level Entity Name           ; contadorRegMemo                             ;
; Family                          ; Cyclone V                                   ;
; Logic utilization (in ALMs)     ; N/A                                         ;
; Total registers                 ; 615                                         ;
; Total pins                      ; 68                                          ;
; Total virtual pins              ; 0                                           ;
; Total block memory bits         ; 0                                           ;
; Total DSP Blocks                ; 0                                           ;
; Total HSSI RX PCSs              ; 0                                           ;
; Total HSSI PMA RX Deserializers ; 0                                           ;
; Total HSSI TX PCSs              ; 0                                           ;
; Total HSSI PMA TX Serializers   ; 0                                           ;
; Total PLLs                      ; 0                                           ;
; Total DLLs                      ; 0                                           ;
+---------------------------------+---------------------------------------------+


+---------------------------------------------------------------------------------------------------------------------------+
; Analysis & Synthesis Settings                                                                                             ;
+---------------------------------------------------------------------------------+--------------------+--------------------+
; Option                                                                          ; Setting            ; Default Value      ;
+---------------------------------------------------------------------------------+--------------------+--------------------+
; Device                                                                          ; 5CEBA4F23C7        ;                    ;
; Top-level entity name                                                           ; contadorRegMemo    ; contadorRegMemo    ;
; Family name                                                                     ; Cyclone V          ; Cyclone V          ;
; Maximum processors allowed for parallel compilation                             ; All                ;                    ;
; Use smart compilation                                                           ; Off                ; Off                ;
; Enable parallel Assembler and Timing Analyzer during compilation                ; On                 ; On                 ;
; Enable compact report table                                                     ; Off                ; Off                ;
; Restructure Multiplexers                                                        ; Auto               ; Auto               ;
; MLAB Add Timing Constraints For Mixed-Port Feed-Through Mode Setting Don't Care ; Off                ; Off                ;
; Create Debugging Nodes for IP Cores                                             ; Off                ; Off                ;
; Preserve fewer node names                                                       ; On                 ; On                 ;
; Intel FPGA IP Evaluation Mode                                                   ; Enable             ; Enable             ;
; Verilog Version                                                                 ; Verilog_2001       ; Verilog_2001       ;
; VHDL Version                                                                    ; VHDL_1993          ; VHDL_1993          ;
; State Machine Processing                                                        ; Auto               ; Auto               ;
; Safe State Machine                                                              ; Off                ; Off                ;
; Extract Verilog State Machines                                                  ; On                 ; On                 ;
; Extract VHDL State Machines                                                     ; On                 ; On                 ;
; Ignore Verilog initial constructs                                               ; Off                ; Off                ;
; Iteration limit for constant Verilog loops                                      ; 5000               ; 5000               ;
; Iteration limit for non-constant Verilog loops                                  ; 250                ; 250                ;
; Add Pass-Through Logic to Inferred RAMs                                         ; On                 ; On                 ;
; Infer RAMs from Raw Logic                                                       ; On                 ; On                 ;
; Parallel Synthesis                                                              ; On                 ; On                 ;
; DSP Block Balancing                                                             ; Auto               ; Auto               ;
; NOT Gate Push-Back                                                              ; On                 ; On                 ;
; Power-Up Don't Care                                                             ; On                 ; On                 ;
; Remove Redundant Logic Cells                                                    ; Off                ; Off                ;
; Remove Duplicate Registers                                                      ; On                 ; On                 ;
; Ignore CARRY Buffers                                                            ; Off                ; Off                ;
; Ignore CASCADE Buffers                                                          ; Off                ; Off                ;
; Ignore GLOBAL Buffers                                                           ; Off                ; Off                ;
; Ignore ROW GLOBAL Buffers                                                       ; Off                ; Off                ;
; Ignore LCELL Buffers                                                            ; Off                ; Off                ;
; Ignore SOFT Buffers                                                             ; On                 ; On                 ;
; Limit AHDL Integers to 32 Bits                                                  ; Off                ; Off                ;
; Optimization Technique                                                          ; Balanced           ; Balanced           ;
; Carry Chain Length                                                              ; 70                 ; 70                 ;
; Auto Carry Chains                                                               ; On                 ; On                 ;
; Auto Open-Drain Pins                                                            ; On                 ; On                 ;
; Perform WYSIWYG Primitive Resynthesis                                           ; Off                ; Off                ;
; Auto ROM Replacement                                                            ; On                 ; On                 ;
; Auto RAM Replacement                                                            ; On                 ; On                 ;
; Auto DSP Block Replacement                                                      ; On                 ; On                 ;
; Auto Shift Register Replacement                                                 ; Auto               ; Auto               ;
; Allow Shift Register Merging across Hierarchies                                 ; Auto               ; Auto               ;
; Auto Clock Enable Replacement                                                   ; On                 ; On                 ;
; Strict RAM Replacement                                                          ; Off                ; Off                ;
; Allow Synchronous Control Signals                                               ; On                 ; On                 ;
; Force Use of Synchronous Clear Signals                                          ; Off                ; Off                ;
; Auto Resource Sharing                                                           ; Off                ; Off                ;
; Allow Any RAM Size For Recognition                                              ; Off                ; Off                ;
; Allow Any ROM Size For Recognition                                              ; Off                ; Off                ;
; Allow Any Shift Register Size For Recognition                                   ; Off                ; Off                ;
; Use LogicLock Constraints during Resource Balancing                             ; On                 ; On                 ;
; Ignore translate_off and synthesis_off directives                               ; Off                ; Off                ;
; Timing-Driven Synthesis                                                         ; On                 ; On                 ;
; Report Parameter Settings                                                       ; On                 ; On                 ;
; Report Source Assignments                                                       ; On                 ; On                 ;
; Report Connectivity Checks                                                      ; On                 ; On                 ;
; Ignore Maximum Fan-Out Assignments                                              ; Off                ; Off                ;
; Synchronization Register Chain Length                                           ; 3                  ; 3                  ;
; Power Optimization During Synthesis                                             ; Normal compilation ; Normal compilation ;
; HDL message level                                                               ; Level2             ; Level2             ;
; Suppress Register Optimization Related Messages                                 ; Off                ; Off                ;
; Number of Removed Registers Reported in Synthesis Report                        ; 5000               ; 5000               ;
; Number of Swept Nodes Reported in Synthesis Report                              ; 5000               ; 5000               ;
; Number of Inverted Registers Reported in Synthesis Report                       ; 100                ; 100                ;
; Clock MUX Protection                                                            ; On                 ; On                 ;
; Auto Gated Clock Conversion                                                     ; Off                ; Off                ;
; Block Design Naming                                                             ; Auto               ; Auto               ;
; SDC constraint protection                                                       ; Off                ; Off                ;
; Synthesis Effort                                                                ; Auto               ; Auto               ;
; Shift Register Replacement - Allow Asynchronous Clear Signal                    ; On                 ; On                 ;
; Pre-Mapping Resynthesis Optimization                                            ; Off                ; Off                ;
; Analysis & Synthesis Message Level                                              ; Medium             ; Medium             ;
; Disable Register Merging Across Hierarchies                                     ; Auto               ; Auto               ;
; Resource Aware Inference For Block RAM                                          ; On                 ; On                 ;
; Automatic Parallel Synthesis                                                    ; On                 ; On                 ;
; Partial Reconfiguration Bitstream ID                                            ; Off                ; Off                ;
+---------------------------------------------------------------------------------+--------------------+--------------------+


+------------------------------------------+
; Parallel Compilation                     ;
+----------------------------+-------------+
; Processors                 ; Number      ;
+----------------------------+-------------+
; Number detected on machine ; 8           ;
; Maximum allowed            ; 4           ;
;                            ;             ;
; Average used               ; 1.00        ;
; Maximum used               ; 4           ;
;                            ;             ;
; Usage by Processor         ; % Time Used ;
;     Processor 1            ; 100.0%      ;
;     Processor 2            ;   0.0%      ;
;     Processor 3            ;   0.0%      ;
;     Processor 4            ;   0.0%      ;
+----------------------------+-------------+


+-----------------------------------------------------------------------------------------------------------------------------------------------------------------------------------------------------------------+
; Analysis & Synthesis Source Files Read                                                                                                                                                                          ;
+----------------------------------+-----------------+-----------------+--------------------------------------------------------------------------------------------------------------------------------+---------+
; File Name with User-Entered Path ; Used in Netlist ; File Type       ; File Name with Absolute Path                                                                                                   ; Library ;
+----------------------------------+-----------------+-----------------+--------------------------------------------------------------------------------------------------------------------------------+---------+
; ULASomaSub.vhd                   ; yes             ; User VHDL File  ; C:/Insper/6oSemestre/DesignDeComputadores/DesignDeComputadoresProjetos/relogio/contadorRegMemo/ULASomaSub.vhd                  ;         ;
; somaConstante.vhd                ; yes             ; User VHDL File  ; C:/Insper/6oSemestre/DesignDeComputadores/DesignDeComputadoresProjetos/relogio/contadorRegMemo/somaConstante.vhd               ;         ;
; registradorGenerico.vhd          ; yes             ; User VHDL File  ; C:/Insper/6oSemestre/DesignDeComputadores/DesignDeComputadoresProjetos/relogio/contadorRegMemo/registradorGenerico.vhd         ;         ;
; processador.vhd                  ; yes             ; User VHDL File  ; C:/Insper/6oSemestre/DesignDeComputadores/DesignDeComputadoresProjetos/relogio/contadorRegMemo/processador.vhd                 ;         ;
; muxGenerico4x1.vhd               ; yes             ; User VHDL File  ; C:/Insper/6oSemestre/DesignDeComputadores/DesignDeComputadoresProjetos/relogio/contadorRegMemo/muxGenerico4x1.vhd              ;         ;
; muxGenerico2x1.vhd               ; yes             ; User VHDL File  ; C:/Insper/6oSemestre/DesignDeComputadores/DesignDeComputadoresProjetos/relogio/contadorRegMemo/muxGenerico2x1.vhd              ;         ;
; memoriaROM.vhd                   ; yes             ; User VHDL File  ; C:/Insper/6oSemestre/DesignDeComputadores/DesignDeComputadoresProjetos/relogio/contadorRegMemo/memoriaROM.vhd                  ;         ;
; memoriaRAM.vhd                   ; yes             ; User VHDL File  ; C:/Insper/6oSemestre/DesignDeComputadores/DesignDeComputadoresProjetos/relogio/contadorRegMemo/memoriaRAM.vhd                  ;         ;
; logicaDesvio.vhd                 ; yes             ; User VHDL File  ; C:/Insper/6oSemestre/DesignDeComputadores/DesignDeComputadoresProjetos/relogio/contadorRegMemo/logicaDesvio.vhd                ;         ;
; flipflopGenerico.vhd             ; yes             ; User VHDL File  ; C:/Insper/6oSemestre/DesignDeComputadores/DesignDeComputadoresProjetos/relogio/contadorRegMemo/flipflopGenerico.vhd            ;         ;
; edgeDetector.vhd                 ; yes             ; User VHDL File  ; C:/Insper/6oSemestre/DesignDeComputadores/DesignDeComputadoresProjetos/relogio/contadorRegMemo/edgeDetector.vhd                ;         ;
; Decodificador3x8.vhd             ; yes             ; User VHDL File  ; C:/Insper/6oSemestre/DesignDeComputadores/DesignDeComputadoresProjetos/relogio/contadorRegMemo/Decodificador3x8.vhd            ;         ;
; decoderInstru.vhd                ; yes             ; User VHDL File  ; C:/Insper/6oSemestre/DesignDeComputadores/DesignDeComputadoresProjetos/relogio/contadorRegMemo/decoderInstru.vhd               ;         ;
; conversorHex7Seg.vhd             ; yes             ; User VHDL File  ; C:/Insper/6oSemestre/DesignDeComputadores/DesignDeComputadoresProjetos/relogio/contadorRegMemo/conversorHex7Seg.vhd            ;         ;
; buffer_3_state_8portas.vhd       ; yes             ; User VHDL File  ; C:/Insper/6oSemestre/DesignDeComputadores/DesignDeComputadoresProjetos/relogio/contadorRegMemo/buffer_3_state_8portas.vhd      ;         ;
; buffer_3_state_1porta.vhd        ; yes             ; User VHDL File  ; C:/Insper/6oSemestre/DesignDeComputadores/DesignDeComputadoresProjetos/relogio/contadorRegMemo/buffer_3_state_1porta.vhd       ;         ;
; contadorRegMemo.vhd              ; yes             ; User VHDL File  ; C:/Insper/6oSemestre/DesignDeComputadores/DesignDeComputadoresProjetos/relogio/contadorRegMemo/contadorRegMemo.vhd             ;         ;
; bancoRegistradoresArqRegMem.vhd  ; yes             ; User VHDL File  ; C:/Insper/6oSemestre/DesignDeComputadores/DesignDeComputadoresProjetos/relogio/contadorRegMemo/bancoRegistradoresArqRegMem.vhd ;         ;
; divisorGenerico.vhd              ; yes             ; User VHDL File  ; C:/Insper/6oSemestre/DesignDeComputadores/DesignDeComputadoresProjetos/relogio/contadorRegMemo/divisorGenerico.vhd             ;         ;
; divisorGenerico_e_Interface.vhd  ; yes             ; User VHDL File  ; C:/Insper/6oSemestre/DesignDeComputadores/DesignDeComputadoresProjetos/relogio/contadorRegMemo/divisorGenerico_e_Interface.vhd ;         ;
+----------------------------------+-----------------+-----------------+--------------------------------------------------------------------------------------------------------------------------------+---------+


+--------------------------------------------------------------+
; Analysis & Synthesis Resource Usage Summary                  ;
+---------------------------------------------+----------------+
; Resource                                    ; Usage          ;
+---------------------------------------------+----------------+
; Estimate of Logic utilization (ALMs needed) ; 510            ;
;                                             ;                ;
; Combinational ALUT usage for logic          ; 549            ;
;     -- 7 input functions                    ; 1              ;
;     -- 6 input functions                    ; 340            ;
;     -- 5 input functions                    ; 46             ;
;     -- 4 input functions                    ; 47             ;
;     -- <=3 input functions                  ; 115            ;
;                                             ;                ;
; Dedicated logic registers                   ; 615            ;
;                                             ;                ;
; I/O pins                                    ; 68             ;
;                                             ;                ;
; Total DSP Blocks                            ; 0              ;
;                                             ;                ;
; Maximum fan-out node                        ; CLOCK_50~input ;
; Maximum fan-out                             ; 613            ;
; Total fan-out                               ; 4661           ;
; Average fan-out                             ; 3.59           ;
+---------------------------------------------+----------------+


+------------------------------------------------------------------------------------------------------------------------------------------------------------------------------------------------------------------------------------------------------------------------------------------------------------+
; Analysis & Synthesis Resource Utilization by Entity                                                                                                                                                                                                                                                        ;
+---------------------------------------------------+---------------------+---------------------------+-------------------+------------+------+--------------+--------------------------------------------------------------------------------------------------+-----------------------------+--------------+
; Compilation Hierarchy Node                        ; Combinational ALUTs ; Dedicated Logic Registers ; Block Memory Bits ; DSP Blocks ; Pins ; Virtual Pins ; Full Hierarchy Name                                                                              ; Entity Name                 ; Library Name ;
+---------------------------------------------------+---------------------+---------------------------+-------------------+------------+------+--------------+--------------------------------------------------------------------------------------------------+-----------------------------+--------------+
; |contadorRegMemo                                  ; 549 (23)            ; 615 (0)                   ; 0                 ; 0          ; 68   ; 0            ; |contadorRegMemo                                                                                 ; contadorRegMemo             ; work         ;
;    |Decodificador3x8:DECO1|                       ; 1 (1)               ; 0 (0)                     ; 0                 ; 0          ; 0    ; 0            ; |contadorRegMemo|Decodificador3x8:DECO1                                                          ; Decodificador3x8            ; work         ;
;    |conversorHex7Seg:DECOHEX0|                    ; 7 (7)               ; 0 (0)                     ; 0                 ; 0          ; 0    ; 0            ; |contadorRegMemo|conversorHex7Seg:DECOHEX0                                                       ; conversorHex7Seg            ; work         ;
;    |conversorHex7Seg:DECOHEX1|                    ; 7 (7)               ; 0 (0)                     ; 0                 ; 0          ; 0    ; 0            ; |contadorRegMemo|conversorHex7Seg:DECOHEX1                                                       ; conversorHex7Seg            ; work         ;
;    |conversorHex7Seg:DECOHEX2|                    ; 7 (7)               ; 0 (0)                     ; 0                 ; 0          ; 0    ; 0            ; |contadorRegMemo|conversorHex7Seg:DECOHEX2                                                       ; conversorHex7Seg            ; work         ;
;    |conversorHex7Seg:DECOHEX3|                    ; 7 (7)               ; 0 (0)                     ; 0                 ; 0          ; 0    ; 0            ; |contadorRegMemo|conversorHex7Seg:DECOHEX3                                                       ; conversorHex7Seg            ; work         ;
;    |conversorHex7Seg:DECOHEX4|                    ; 7 (7)               ; 0 (0)                     ; 0                 ; 0          ; 0    ; 0            ; |contadorRegMemo|conversorHex7Seg:DECOHEX4                                                       ; conversorHex7Seg            ; work         ;
;    |conversorHex7Seg:DECOHEX5|                    ; 7 (7)               ; 0 (0)                     ; 0                 ; 0          ; 0    ; 0            ; |contadorRegMemo|conversorHex7Seg:DECOHEX5                                                       ; conversorHex7Seg            ; work         ;
;    |divisorGenerico_e_Interface:DIVISORINTERFACE| ; 18 (0)              ; 16 (0)                    ; 0                 ; 0          ; 0    ; 0            ; |contadorRegMemo|divisorGenerico_e_Interface:DIVISORINTERFACE                                    ; divisorGenerico_e_Interface ; work         ;
;       |divisorGenerico:baseTempo|                 ; 18 (18)             ; 15 (15)                   ; 0                 ; 0          ; 0    ; 0            ; |contadorRegMemo|divisorGenerico_e_Interface:DIVISORINTERFACE|divisorGenerico:baseTempo          ; divisorGenerico             ; work         ;
;       |flipflopGenerico:registraUmSegundo|        ; 0 (0)               ; 1 (1)                     ; 0                 ; 0          ; 0    ; 0            ; |contadorRegMemo|divisorGenerico_e_Interface:DIVISORINTERFACE|flipflopGenerico:registraUmSegundo ; flipflopGenerico            ; work         ;
;    |edgeDetector:EDGEKEY1|                        ; 2 (2)               ; 1 (1)                     ; 0                 ; 0          ; 0    ; 0            ; |contadorRegMemo|edgeDetector:EDGEKEY1                                                           ; edgeDetector                ; work         ;
;    |flipflopGenerico:FFKEY1|                      ; 0 (0)               ; 1 (1)                     ; 0                 ; 0          ; 0    ; 0            ; |contadorRegMemo|flipflopGenerico:FFKEY1                                                         ; flipflopGenerico            ; work         ;
;    |memoriaRAM:RAM1|                              ; 297 (297)           ; 512 (512)                 ; 0                 ; 0          ; 0    ; 0            ; |contadorRegMemo|memoriaRAM:RAM1                                                                 ; memoriaRAM                  ; work         ;
;    |memoriaROM:ROM1|                              ; 83 (83)             ; 0 (0)                     ; 0                 ; 0          ; 0    ; 0            ; |contadorRegMemo|memoriaROM:ROM1                                                                 ; memoriaROM                  ; work         ;
;    |processador:PROC|                             ; 81 (0)              ; 51 (0)                    ; 0                 ; 0          ; 0    ; 0            ; |contadorRegMemo|processador:PROC                                                                ; processador                 ; work         ;
;       |ULASomaSub:ULA1|                           ; 25 (25)             ; 0 (0)                     ; 0                 ; 0          ; 0    ; 0            ; |contadorRegMemo|processador:PROC|ULASomaSub:ULA1                                                ; ULASomaSub                  ; work         ;
;       |bancoRegistradoresArqRegMem:REGS|          ; 12 (12)             ; 32 (32)                   ; 0                 ; 0          ; 0    ; 0            ; |contadorRegMemo|processador:PROC|bancoRegistradoresArqRegMem:REGS                               ; bancoRegistradoresArqRegMem ; work         ;
;       |decoderInstru:DECO|                        ; 9 (9)               ; 0 (0)                     ; 0                 ; 0          ; 0    ; 0            ; |contadorRegMemo|processador:PROC|decoderInstru:DECO                                             ; decoderInstru               ; work         ;
;       |muxGenerico2x1:MUX1|                       ; 12 (12)             ; 0 (0)                     ; 0                 ; 0          ; 0    ; 0            ; |contadorRegMemo|processador:PROC|muxGenerico2x1:MUX1                                            ; muxGenerico2x1              ; work         ;
;       |muxGenerico4x1:MUXJUMP|                    ; 10 (10)             ; 0 (0)                     ; 0                 ; 0          ; 0    ; 0            ; |contadorRegMemo|processador:PROC|muxGenerico4x1:MUXJUMP                                         ; muxGenerico4x1              ; work         ;
;       |registradorGenerico:FlagEq|                ; 3 (3)               ; 1 (1)                     ; 0                 ; 0          ; 0    ; 0            ; |contadorRegMemo|processador:PROC|registradorGenerico:FlagEq                                     ; registradorGenerico         ; work         ;
;       |registradorGenerico:PC|                    ; 1 (1)               ; 9 (9)                     ; 0                 ; 0          ; 0    ; 0            ; |contadorRegMemo|processador:PROC|registradorGenerico:PC                                         ; registradorGenerico         ; work         ;
;       |registradorGenerico:REGEND|                ; 0 (0)               ; 9 (9)                     ; 0                 ; 0          ; 0    ; 0            ; |contadorRegMemo|processador:PROC|registradorGenerico:REGEND                                     ; registradorGenerico         ; work         ;
;       |somaConstante:incrementaPC|                ; 9 (9)               ; 0 (0)                     ; 0                 ; 0          ; 0    ; 0            ; |contadorRegMemo|processador:PROC|somaConstante:incrementaPC                                     ; somaConstante               ; work         ;
;    |registradorGenerico:REGHEX0|                  ; 0 (0)               ; 4 (4)                     ; 0                 ; 0          ; 0    ; 0            ; |contadorRegMemo|registradorGenerico:REGHEX0                                                     ; registradorGenerico         ; work         ;
;    |registradorGenerico:REGHEX1|                  ; 0 (0)               ; 4 (4)                     ; 0                 ; 0          ; 0    ; 0            ; |contadorRegMemo|registradorGenerico:REGHEX1                                                     ; registradorGenerico         ; work         ;
;    |registradorGenerico:REGHEX2|                  ; 0 (0)               ; 4 (4)                     ; 0                 ; 0          ; 0    ; 0            ; |contadorRegMemo|registradorGenerico:REGHEX2                                                     ; registradorGenerico         ; work         ;
;    |registradorGenerico:REGHEX3|                  ; 0 (0)               ; 4 (4)                     ; 0                 ; 0          ; 0    ; 0            ; |contadorRegMemo|registradorGenerico:REGHEX3                                                     ; registradorGenerico         ; work         ;
;    |registradorGenerico:REGHEX4|                  ; 0 (0)               ; 4 (4)                     ; 0                 ; 0          ; 0    ; 0            ; |contadorRegMemo|registradorGenerico:REGHEX4                                                     ; registradorGenerico         ; work         ;
;    |registradorGenerico:REGHEX5|                  ; 0 (0)               ; 4 (4)                     ; 0                 ; 0          ; 0    ; 0            ; |contadorRegMemo|registradorGenerico:REGHEX5                                                     ; registradorGenerico         ; work         ;
;    |registradorGenerico:REGLED1|                  ; 1 (1)               ; 1 (1)                     ; 0                 ; 0          ; 0    ; 0            ; |contadorRegMemo|registradorGenerico:REGLED1                                                     ; registradorGenerico         ; work         ;
;    |registradorGenerico:REGLED2|                  ; 1 (1)               ; 1 (1)                     ; 0                 ; 0          ; 0    ; 0            ; |contadorRegMemo|registradorGenerico:REGLED2                                                     ; registradorGenerico         ; work         ;
;    |registradorGenerico:REGLEDR|                  ; 0 (0)               ; 8 (8)                     ; 0                 ; 0          ; 0    ; 0            ; |contadorRegMemo|registradorGenerico:REGLEDR                                                     ; registradorGenerico         ; work         ;
+---------------------------------------------------+---------------------+---------------------------+-------------------+------------+------+--------------+--------------------------------------------------------------------------------------------------+-----------------------------+--------------+
Note: For table entries with two numbers listed, the numbers in parentheses indicate the number of resources of the given type used by the specific entity alone. The numbers listed outside of parentheses indicate the total resources of the given type used by the specific entity and all of its sub-entities in the hierarchy.


+------------------------------------------------------+
; General Register Statistics                          ;
+----------------------------------------------+-------+
; Statistic                                    ; Value ;
+----------------------------------------------+-------+
; Total registers                              ; 615   ;
; Number of registers using Synchronous Clear  ; 14    ;
; Number of registers using Synchronous Load   ; 0     ;
; Number of registers using Asynchronous Clear ; 2     ;
; Number of registers using Asynchronous Load  ; 0     ;
; Number of registers using Clock Enable       ; 585   ;
; Number of registers using Preset             ; 0     ;
+----------------------------------------------+-------+


+----------------------------------------------------------------------------------------------------------------------------------------------------------------------------------+
; Multiplexer Restructuring Statistics (Restructuring Performed)                                                                                                                   ;
+--------------------+-----------+---------------+----------------------+------------------------+------------+--------------------------------------------------------------------+
; Multiplexer Inputs ; Bus Width ; Baseline Area ; Area if Restructured ; Saving if Restructured ; Registered ; Example Multiplexer Output                                         ;
+--------------------+-----------+---------------+----------------------+------------------------+------------+--------------------------------------------------------------------+
; 4:1                ; 9 bits    ; 18 LEs        ; 18 LEs               ; 0 LEs                  ; Yes        ; |contadorRegMemo|processador:PROC|registradorGenerico:PC|DOUT[8]   ;
; 3:1                ; 7 bits    ; 14 LEs        ; 14 LEs               ; 0 LEs                  ; No         ; |contadorRegMemo|processador:PROC|muxGenerico2x1:MUX1|saida_MUX[1] ;
; 4:1                ; 8 bits    ; 16 LEs        ; 16 LEs               ; 0 LEs                  ; No         ; |contadorRegMemo|processador:PROC|ULASomaSub:ULA1|saida[1]         ;
; 5:1                ; 2 bits    ; 6 LEs         ; 6 LEs                ; 0 LEs                  ; No         ; |contadorRegMemo|processador:PROC|decoderInstru:DECO|saida[5]      ;
+--------------------+-----------+---------------+----------------------+------------------------+------------+--------------------------------------------------------------------+


+---------------------------------------------------------------------------------+
; Parameter Settings for User Entity Instance: Top-level Entity: |contadorRegMemo ;
+------------------+-------+------------------------------------------------------+
; Parameter Name   ; Value ; Type                                                 ;
+------------------+-------+------------------------------------------------------+
; larguraDados     ; 8     ; Signed Integer                                       ;
; larguraEnderecos ; 9     ; Signed Integer                                       ;
; simulacao        ; false ; Enumerated                                           ;
+------------------+-------+------------------------------------------------------+
Note: In order to hide this table in the UI and the text report file, please set the "Show Parameter Settings in Synthesis Report" option in "Analysis and Synthesis Settings -> More Settings" to "Off".


+--------------------------------------------------------------+
; Parameter Settings for User Entity Instance: memoriaROM:ROM1 ;
+----------------+-------+-------------------------------------+
; Parameter Name ; Value ; Type                                ;
+----------------+-------+-------------------------------------+
; datawidth      ; 15    ; Signed Integer                      ;
; addrwidth      ; 9     ; Signed Integer                      ;
+----------------+-------+-------------------------------------+
Note: In order to hide this table in the UI and the text report file, please set the "Show Parameter Settings in Synthesis Report" option in "Analysis and Synthesis Settings -> More Settings" to "Off".


+--------------------------------------------------------------+
; Parameter Settings for User Entity Instance: memoriaRAM:RAM1 ;
+----------------+-------+-------------------------------------+
; Parameter Name ; Value ; Type                                ;
+----------------+-------+-------------------------------------+
; datawidth      ; 8     ; Signed Integer                      ;
; addrwidth      ; 6     ; Signed Integer                      ;
+----------------+-------+-------------------------------------+
Note: In order to hide this table in the UI and the text report file, please set the "Show Parameter Settings in Synthesis Report" option in "Analysis and Synthesis Settings -> More Settings" to "Off".


+---------------------------------------------------------------+
; Parameter Settings for User Entity Instance: processador:PROC ;
+------------------+-------+------------------------------------+
; Parameter Name   ; Value ; Type                               ;
+------------------+-------+------------------------------------+
; larguradados     ; 8     ; Signed Integer                     ;
; larguraenderecos ; 9     ; Signed Integer                     ;
; simulacao        ; true  ; Enumerated                         ;
+------------------+-------+------------------------------------+
Note: In order to hide this table in the UI and the text report file, please set the "Show Parameter Settings in Synthesis Report" option in "Analysis and Synthesis Settings -> More Settings" to "Off".


+-----------------------------------------------------------------------------------+
; Parameter Settings for User Entity Instance: processador:PROC|muxGenerico2x1:MUX1 ;
+----------------+-------+----------------------------------------------------------+
; Parameter Name ; Value ; Type                                                     ;
+----------------+-------+----------------------------------------------------------+
; larguradados   ; 8     ; Signed Integer                                           ;
+----------------+-------+----------------------------------------------------------+
Note: In order to hide this table in the UI and the text report file, please set the "Show Parameter Settings in Synthesis Report" option in "Analysis and Synthesis Settings -> More Settings" to "Off".


+--------------------------------------------------------------------------------------+
; Parameter Settings for User Entity Instance: processador:PROC|muxGenerico4x1:MUXJUMP ;
+----------------+-------+-------------------------------------------------------------+
; Parameter Name ; Value ; Type                                                        ;
+----------------+-------+-------------------------------------------------------------+
; larguradados   ; 9     ; Signed Integer                                              ;
+----------------+-------+-------------------------------------------------------------+
Note: In order to hide this table in the UI and the text report file, please set the "Show Parameter Settings in Synthesis Report" option in "Analysis and Synthesis Settings -> More Settings" to "Off".


+------------------------------------------------------------------------------------------------+
; Parameter Settings for User Entity Instance: processador:PROC|bancoRegistradoresArqRegMem:REGS ;
+---------------------+-------+------------------------------------------------------------------+
; Parameter Name      ; Value ; Type                                                             ;
+---------------------+-------+------------------------------------------------------------------+
; larguradados        ; 8     ; Signed Integer                                                   ;
; larguraendbancoregs ; 2     ; Signed Integer                                                   ;
+---------------------+-------+------------------------------------------------------------------+
Note: In order to hide this table in the UI and the text report file, please set the "Show Parameter Settings in Synthesis Report" option in "Analysis and Synthesis Settings -> More Settings" to "Off".


+------------------------------------------------------------------------------------------+
; Parameter Settings for User Entity Instance: processador:PROC|registradorGenerico:REGEND ;
+----------------+-------+-----------------------------------------------------------------+
; Parameter Name ; Value ; Type                                                            ;
+----------------+-------+-----------------------------------------------------------------+
; larguradados   ; 9     ; Signed Integer                                                  ;
+----------------+-------+-----------------------------------------------------------------+
Note: In order to hide this table in the UI and the text report file, please set the "Show Parameter Settings in Synthesis Report" option in "Analysis and Synthesis Settings -> More Settings" to "Off".


+------------------------------------------------------------------------------------------+
; Parameter Settings for User Entity Instance: processador:PROC|registradorGenerico:FlagEq ;
+----------------+-------+-----------------------------------------------------------------+
; Parameter Name ; Value ; Type                                                            ;
+----------------+-------+-----------------------------------------------------------------+
; larguradados   ; 1     ; Signed Integer                                                  ;
+----------------+-------+-----------------------------------------------------------------+
Note: In order to hide this table in the UI and the text report file, please set the "Show Parameter Settings in Synthesis Report" option in "Analysis and Synthesis Settings -> More Settings" to "Off".


+--------------------------------------------------------------------------------------+
; Parameter Settings for User Entity Instance: processador:PROC|registradorGenerico:PC ;
+----------------+-------+-------------------------------------------------------------+
; Parameter Name ; Value ; Type                                                        ;
+----------------+-------+-------------------------------------------------------------+
; larguradados   ; 9     ; Signed Integer                                              ;
+----------------+-------+-------------------------------------------------------------+
Note: In order to hide this table in the UI and the text report file, please set the "Show Parameter Settings in Synthesis Report" option in "Analysis and Synthesis Settings -> More Settings" to "Off".


+------------------------------------------------------------------------------------------+
; Parameter Settings for User Entity Instance: processador:PROC|somaConstante:incrementaPC ;
+----------------+-------+-----------------------------------------------------------------+
; Parameter Name ; Value ; Type                                                            ;
+----------------+-------+-----------------------------------------------------------------+
; larguradados   ; 9     ; Signed Integer                                                  ;
; constante      ; 1     ; Signed Integer                                                  ;
+----------------+-------+-----------------------------------------------------------------+
Note: In order to hide this table in the UI and the text report file, please set the "Show Parameter Settings in Synthesis Report" option in "Analysis and Synthesis Settings -> More Settings" to "Off".


+-------------------------------------------------------------------------------+
; Parameter Settings for User Entity Instance: processador:PROC|ULASomaSub:ULA1 ;
+----------------+-------+------------------------------------------------------+
; Parameter Name ; Value ; Type                                                 ;
+----------------+-------+------------------------------------------------------+
; larguradados   ; 8     ; Signed Integer                                       ;
+----------------+-------+------------------------------------------------------+
Note: In order to hide this table in the UI and the text report file, please set the "Show Parameter Settings in Synthesis Report" option in "Analysis and Synthesis Settings -> More Settings" to "Off".


+--------------------------------------------------------------------------+
; Parameter Settings for User Entity Instance: registradorGenerico:REGLEDR ;
+----------------+-------+-------------------------------------------------+
; Parameter Name ; Value ; Type                                            ;
+----------------+-------+-------------------------------------------------+
; larguradados   ; 8     ; Signed Integer                                  ;
+----------------+-------+-------------------------------------------------+
Note: In order to hide this table in the UI and the text report file, please set the "Show Parameter Settings in Synthesis Report" option in "Analysis and Synthesis Settings -> More Settings" to "Off".


+--------------------------------------------------------------------------+
; Parameter Settings for User Entity Instance: registradorGenerico:REGLED1 ;
+----------------+-------+-------------------------------------------------+
; Parameter Name ; Value ; Type                                            ;
+----------------+-------+-------------------------------------------------+
; larguradados   ; 1     ; Signed Integer                                  ;
+----------------+-------+-------------------------------------------------+
Note: In order to hide this table in the UI and the text report file, please set the "Show Parameter Settings in Synthesis Report" option in "Analysis and Synthesis Settings -> More Settings" to "Off".


+--------------------------------------------------------------------------+
; Parameter Settings for User Entity Instance: registradorGenerico:REGLED2 ;
+----------------+-------+-------------------------------------------------+
; Parameter Name ; Value ; Type                                            ;
+----------------+-------+-------------------------------------------------+
; larguradados   ; 1     ; Signed Integer                                  ;
+----------------+-------+-------------------------------------------------+
Note: In order to hide this table in the UI and the text report file, please set the "Show Parameter Settings in Synthesis Report" option in "Analysis and Synthesis Settings -> More Settings" to "Off".


+--------------------------------------------------------------------------+
; Parameter Settings for User Entity Instance: registradorGenerico:REGHEX0 ;
+----------------+-------+-------------------------------------------------+
; Parameter Name ; Value ; Type                                            ;
+----------------+-------+-------------------------------------------------+
; larguradados   ; 4     ; Signed Integer                                  ;
+----------------+-------+-------------------------------------------------+
Note: In order to hide this table in the UI and the text report file, please set the "Show Parameter Settings in Synthesis Report" option in "Analysis and Synthesis Settings -> More Settings" to "Off".


+--------------------------------------------------------------------------+
; Parameter Settings for User Entity Instance: registradorGenerico:REGHEX1 ;
+----------------+-------+-------------------------------------------------+
; Parameter Name ; Value ; Type                                            ;
+----------------+-------+-------------------------------------------------+
; larguradados   ; 4     ; Signed Integer                                  ;
+----------------+-------+-------------------------------------------------+
Note: In order to hide this table in the UI and the text report file, please set the "Show Parameter Settings in Synthesis Report" option in "Analysis and Synthesis Settings -> More Settings" to "Off".


+--------------------------------------------------------------------------+
; Parameter Settings for User Entity Instance: registradorGenerico:REGHEX2 ;
+----------------+-------+-------------------------------------------------+
; Parameter Name ; Value ; Type                                            ;
+----------------+-------+-------------------------------------------------+
; larguradados   ; 4     ; Signed Integer                                  ;
+----------------+-------+-------------------------------------------------+
Note: In order to hide this table in the UI and the text report file, please set the "Show Parameter Settings in Synthesis Report" option in "Analysis and Synthesis Settings -> More Settings" to "Off".


+--------------------------------------------------------------------------+
; Parameter Settings for User Entity Instance: registradorGenerico:REGHEX3 ;
+----------------+-------+-------------------------------------------------+
; Parameter Name ; Value ; Type                                            ;
+----------------+-------+-------------------------------------------------+
; larguradados   ; 4     ; Signed Integer                                  ;
+----------------+-------+-------------------------------------------------+
Note: In order to hide this table in the UI and the text report file, please set the "Show Parameter Settings in Synthesis Report" option in "Analysis and Synthesis Settings -> More Settings" to "Off".


+--------------------------------------------------------------------------+
; Parameter Settings for User Entity Instance: registradorGenerico:REGHEX4 ;
+----------------+-------+-------------------------------------------------+
; Parameter Name ; Value ; Type                                            ;
+----------------+-------+-------------------------------------------------+
; larguradados   ; 4     ; Signed Integer                                  ;
+----------------+-------+-------------------------------------------------+
Note: In order to hide this table in the UI and the text report file, please set the "Show Parameter Settings in Synthesis Report" option in "Analysis and Synthesis Settings -> More Settings" to "Off".


+--------------------------------------------------------------------------+
; Parameter Settings for User Entity Instance: registradorGenerico:REGHEX5 ;
+----------------+-------+-------------------------------------------------+
; Parameter Name ; Value ; Type                                            ;
+----------------+-------+-------------------------------------------------+
; larguradados   ; 4     ; Signed Integer                                  ;
+----------------+-------+-------------------------------------------------+
Note: In order to hide this table in the UI and the text report file, please set the "Show Parameter Settings in Synthesis Report" option in "Analysis and Synthesis Settings -> More Settings" to "Off".


+---------------------------------------------------------------------------------------------------------------------+
; Parameter Settings for User Entity Instance: divisorGenerico_e_Interface:DIVISORINTERFACE|divisorGenerico:baseTempo ;
+----------------+-------+--------------------------------------------------------------------------------------------+
; Parameter Name ; Value ; Type                                                                                       ;
+----------------+-------+--------------------------------------------------------------------------------------------+
; divisor        ; 10000 ; Signed Integer                                                                             ;
+----------------+-------+--------------------------------------------------------------------------------------------+
Note: In order to hide this table in the UI and the text report file, please set the "Show Parameter Settings in Synthesis Report" option in "Analysis and Synthesis Settings -> More Settings" to "Off".


+-------------------------------------------------------------------------------------------------------------+
; Port Connectivity Checks: "divisorGenerico_e_Interface:DIVISORINTERFACE|flipflopGenerico:registraUmSegundo" ;
+------+-------+----------+-----------------------------------------------------------------------------------+
; Port ; Type  ; Severity ; Details                                                                           ;
+------+-------+----------+-----------------------------------------------------------------------------------+
; d    ; Input ; Info     ; Stuck at VCC                                                                      ;
+------+-------+----------+-----------------------------------------------------------------------------------+


+-----------------------------------------------------+
; Port Connectivity Checks: "flipflopGenerico:FFKEY1" ;
+------+-------+----------+---------------------------+
; Port ; Type  ; Severity ; Details                   ;
+------+-------+----------+---------------------------+
; d    ; Input ; Info     ; Stuck at VCC              ;
+------+-------+----------+---------------------------+


+-------------------------------------------------------+
; Port Connectivity Checks: "conversorHex7Seg:DECOHEX5" ;
+----------+-------+----------+-------------------------+
; Port     ; Type  ; Severity ; Details                 ;
+----------+-------+----------+-------------------------+
; apaga    ; Input ; Info     ; Stuck at GND            ;
; negativo ; Input ; Info     ; Stuck at GND            ;
; overflow ; Input ; Info     ; Stuck at GND            ;
+----------+-------+----------+-------------------------+


+-------------------------------------------------------+
; Port Connectivity Checks: "conversorHex7Seg:DECOHEX4" ;
+----------+-------+----------+-------------------------+
; Port     ; Type  ; Severity ; Details                 ;
+----------+-------+----------+-------------------------+
; apaga    ; Input ; Info     ; Stuck at GND            ;
; negativo ; Input ; Info     ; Stuck at GND            ;
; overflow ; Input ; Info     ; Stuck at GND            ;
+----------+-------+----------+-------------------------+


+-------------------------------------------------------+
; Port Connectivity Checks: "conversorHex7Seg:DECOHEX3" ;
+----------+-------+----------+-------------------------+
; Port     ; Type  ; Severity ; Details                 ;
+----------+-------+----------+-------------------------+
; apaga    ; Input ; Info     ; Stuck at GND            ;
; negativo ; Input ; Info     ; Stuck at GND            ;
; overflow ; Input ; Info     ; Stuck at GND            ;
+----------+-------+----------+-------------------------+


+-------------------------------------------------------+
; Port Connectivity Checks: "conversorHex7Seg:DECOHEX2" ;
+----------+-------+----------+-------------------------+
; Port     ; Type  ; Severity ; Details                 ;
+----------+-------+----------+-------------------------+
; apaga    ; Input ; Info     ; Stuck at GND            ;
; negativo ; Input ; Info     ; Stuck at GND            ;
; overflow ; Input ; Info     ; Stuck at GND            ;
+----------+-------+----------+-------------------------+


+-------------------------------------------------------+
; Port Connectivity Checks: "conversorHex7Seg:DECOHEX1" ;
+----------+-------+----------+-------------------------+
; Port     ; Type  ; Severity ; Details                 ;
+----------+-------+----------+-------------------------+
; apaga    ; Input ; Info     ; Stuck at GND            ;
; negativo ; Input ; Info     ; Stuck at GND            ;
; overflow ; Input ; Info     ; Stuck at GND            ;
+----------+-------+----------+-------------------------+


+-------------------------------------------------------+
; Port Connectivity Checks: "conversorHex7Seg:DECOHEX0" ;
+----------+-------+----------+-------------------------+
; Port     ; Type  ; Severity ; Details                 ;
+----------+-------+----------+-------------------------+
; apaga    ; Input ; Info     ; Stuck at GND            ;
; negativo ; Input ; Info     ; Stuck at GND            ;
; overflow ; Input ; Info     ; Stuck at GND            ;
+----------+-------+----------+-------------------------+


+-----------------------------------------------------------------------------------------------------------------------+
; Port Connectivity Checks: "Decodificador3x8:DECO2"                                                                    ;
+-------------+--------+----------+-------------------------------------------------------------------------------------+
; Port        ; Type   ; Severity ; Details                                                                             ;
+-------------+--------+----------+-------------------------------------------------------------------------------------+
; saida[7..6] ; Output ; Info     ; Connected to dangling logic. Logic that only feeds a dangling port will be removed. ;
+-------------+--------+----------+-------------------------------------------------------------------------------------+


+-----------------------------------------------------------------------------------------------------------------------+
; Port Connectivity Checks: "Decodificador3x8:DECO1"                                                                    ;
+-------------+--------+----------+-------------------------------------------------------------------------------------+
; Port        ; Type   ; Severity ; Details                                                                             ;
+-------------+--------+----------+-------------------------------------------------------------------------------------+
; saida[7..6] ; Output ; Info     ; Connected to dangling logic. Logic that only feeds a dangling port will be removed. ;
; saida[3..1] ; Output ; Info     ; Connected to dangling logic. Logic that only feeds a dangling port will be removed. ;
+-------------+--------+----------+-------------------------------------------------------------------------------------+


+---------------------------------------------------------------------+
; Port Connectivity Checks: "processador:PROC|registradorGenerico:PC" ;
+--------+-------+----------+-----------------------------------------+
; Port   ; Type  ; Severity ; Details                                 ;
+--------+-------+----------+-----------------------------------------+
; enable ; Input ; Info     ; Stuck at VCC                            ;
+--------+-------+----------+-----------------------------------------+


+-----------------------------------------------------+
; Post-Synthesis Netlist Statistics for Top Partition ;
+-----------------------+-----------------------------+
; Type                  ; Count                       ;
+-----------------------+-----------------------------+
; arriav_ff             ; 615                         ;
;     CLR               ; 2                           ;
;     ENA               ; 585                         ;
;     SCLR              ; 14                          ;
;     plain             ; 14                          ;
; arriav_lcell_comb     ; 555                         ;
;     arith             ; 40                          ;
;         0 data inputs ; 1                           ;
;         1 data inputs ; 23                          ;
;         2 data inputs ; 6                           ;
;         5 data inputs ; 10                          ;
;     extend            ; 1                           ;
;         7 data inputs ; 1                           ;
;     normal            ; 514                         ;
;         1 data inputs ; 7                           ;
;         2 data inputs ; 77                          ;
;         3 data inputs ; 7                           ;
;         4 data inputs ; 47                          ;
;         5 data inputs ; 36                          ;
;         6 data inputs ; 340                         ;
; boundary_port         ; 68                          ;
;                       ;                             ;
; Max LUT depth         ; 10.30                       ;
; Average LUT depth     ; 6.40                        ;
+-----------------------+-----------------------------+


+-------------------------------+
; Elapsed Time Per Partition    ;
+----------------+--------------+
; Partition Name ; Elapsed Time ;
+----------------+--------------+
; Top            ; 00:00:01     ;
+----------------+--------------+


+-------------------------------+
; Analysis & Synthesis Messages ;
+-------------------------------+
Info: *******************************************************************
Info: Running Quartus Prime Analysis & Synthesis
    Info: Version 20.1.0 Build 711 06/05/2020 SJ Lite Edition
    Info: Processing started: Fri Nov 04 17:35:03 2022
Info: Command: quartus_map --read_settings_files=on --write_settings_files=off contadorRegMemo -c contadorRegMemo
Info (20030): Parallel compilation is enabled and will use 4 of the 4 processors detected
Info (12021): Found 2 design units, including 1 entities, in source file ulasomasub.vhd
    Info (12022): Found design unit 1: ULASomaSub-comportamento File: C:/Insper/6oSemestre/DesignDeComputadores/DesignDeComputadoresProjetos/relogio/contadorRegMemo/ULASomaSub.vhd Line: 15
    Info (12023): Found entity 1: ULASomaSub File: C:/Insper/6oSemestre/DesignDeComputadores/DesignDeComputadoresProjetos/relogio/contadorRegMemo/ULASomaSub.vhd Line: 5
Info (12021): Found 2 design units, including 1 entities, in source file somaconstante.vhd
    Info (12022): Found design unit 1: somaConstante-comportamento File: C:/Insper/6oSemestre/DesignDeComputadores/DesignDeComputadoresProjetos/relogio/contadorRegMemo/somaConstante.vhd Line: 18
    Info (12023): Found entity 1: somaConstante File: C:/Insper/6oSemestre/DesignDeComputadores/DesignDeComputadoresProjetos/relogio/contadorRegMemo/somaConstante.vhd Line: 5
Info (12021): Found 2 design units, including 1 entities, in source file registradorreset.vhd
    Info (12022): Found design unit 1: registradorReset-comportamento File: C:/Insper/6oSemestre/DesignDeComputadores/DesignDeComputadoresProjetos/relogio/contadorRegMemo/registradorReset.vhd Line: 15
    Info (12023): Found entity 1: registradorReset File: C:/Insper/6oSemestre/DesignDeComputadores/DesignDeComputadoresProjetos/relogio/contadorRegMemo/registradorReset.vhd Line: 4
Info (12021): Found 2 design units, including 1 entities, in source file registradorgenerico.vhd
    Info (12022): Found design unit 1: registradorGenerico-comportamento File: C:/Insper/6oSemestre/DesignDeComputadores/DesignDeComputadoresProjetos/relogio/contadorRegMemo/registradorGenerico.vhd Line: 15
    Info (12023): Found entity 1: registradorGenerico File: C:/Insper/6oSemestre/DesignDeComputadores/DesignDeComputadoresProjetos/relogio/contadorRegMemo/registradorGenerico.vhd Line: 4
Info (12021): Found 2 design units, including 1 entities, in source file processador.vhd
    Info (12022): Found design unit 1: processador-arquitetura File: C:/Insper/6oSemestre/DesignDeComputadores/DesignDeComputadoresProjetos/relogio/contadorRegMemo/processador.vhd Line: 23
    Info (12023): Found entity 1: processador File: C:/Insper/6oSemestre/DesignDeComputadores/DesignDeComputadoresProjetos/relogio/contadorRegMemo/processador.vhd Line: 4
Info (12021): Found 2 design units, including 1 entities, in source file muxgenerico4x1.vhd
    Info (12022): Found design unit 1: muxGenerico4x1-comportamento File: C:/Insper/6oSemestre/DesignDeComputadores/DesignDeComputadoresProjetos/relogio/contadorRegMemo/muxGenerico4x1.vhd Line: 14
    Info (12023): Found entity 1: muxGenerico4x1 File: C:/Insper/6oSemestre/DesignDeComputadores/DesignDeComputadoresProjetos/relogio/contadorRegMemo/muxGenerico4x1.vhd Line: 4
Info (12021): Found 2 design units, including 1 entities, in source file muxgenerico2x1.vhd
    Info (12022): Found design unit 1: muxGenerico2x1-comportamento File: C:/Insper/6oSemestre/DesignDeComputadores/DesignDeComputadoresProjetos/relogio/contadorRegMemo/muxGenerico2x1.vhd Line: 14
    Info (12023): Found entity 1: muxGenerico2x1 File: C:/Insper/6oSemestre/DesignDeComputadores/DesignDeComputadoresProjetos/relogio/contadorRegMemo/muxGenerico2x1.vhd Line: 4
Info (12021): Found 2 design units, including 1 entities, in source file memoriarom.vhd
    Info (12022): Found design unit 1: memoriaROM-assincrona File: C:/Insper/6oSemestre/DesignDeComputadores/DesignDeComputadoresProjetos/relogio/contadorRegMemo/memoriaROM.vhd Line: 16
    Info (12023): Found entity 1: memoriaROM File: C:/Insper/6oSemestre/DesignDeComputadores/DesignDeComputadoresProjetos/relogio/contadorRegMemo/memoriaROM.vhd Line: 5
Info (12021): Found 2 design units, including 1 entities, in source file memoriaram.vhd
    Info (12022): Found design unit 1: memoriaRAM-rtl File: C:/Insper/6oSemestre/DesignDeComputadores/DesignDeComputadoresProjetos/relogio/contadorRegMemo/memoriaRAM.vhd Line: 21
    Info (12023): Found entity 1: memoriaRAM File: C:/Insper/6oSemestre/DesignDeComputadores/DesignDeComputadoresProjetos/relogio/contadorRegMemo/memoriaRAM.vhd Line: 5
Info (12021): Found 2 design units, including 1 entities, in source file logicadesvio.vhd
    Info (12022): Found design unit 1: logicaDesvio-comportamento File: C:/Insper/6oSemestre/DesignDeComputadores/DesignDeComputadoresProjetos/relogio/contadorRegMemo/logicaDesvio.vhd Line: 14
    Info (12023): Found entity 1: logicaDesvio File: C:/Insper/6oSemestre/DesignDeComputadores/DesignDeComputadoresProjetos/relogio/contadorRegMemo/logicaDesvio.vhd Line: 4
Info (12021): Found 2 design units, including 1 entities, in source file flipflopgenerico.vhd
    Info (12022): Found design unit 1: flipflopGenerico-bordaSubidaReset File: C:/Insper/6oSemestre/DesignDeComputadores/DesignDeComputadoresProjetos/relogio/contadorRegMemo/flipflopGenerico.vhd Line: 11
    Info (12023): Found entity 1: flipflopGenerico File: C:/Insper/6oSemestre/DesignDeComputadores/DesignDeComputadoresProjetos/relogio/contadorRegMemo/flipflopGenerico.vhd Line: 4
Info (12021): Found 3 design units, including 1 entities, in source file edgedetector.vhd
    Info (12022): Found design unit 1: edgeDetector-bordaSubida File: C:/Insper/6oSemestre/DesignDeComputadores/DesignDeComputadoresProjetos/relogio/contadorRegMemo/edgeDetector.vhd Line: 10
    Info (12022): Found design unit 2: edgeDetector-bordaDescida File: C:/Insper/6oSemestre/DesignDeComputadores/DesignDeComputadoresProjetos/relogio/contadorRegMemo/edgeDetector.vhd Line: 23
    Info (12023): Found entity 1: edgeDetector File: C:/Insper/6oSemestre/DesignDeComputadores/DesignDeComputadoresProjetos/relogio/contadorRegMemo/edgeDetector.vhd Line: 4
Info (12021): Found 2 design units, including 1 entities, in source file decodificador3x8.vhd
    Info (12022): Found design unit 1: Decodificador3x8-comportamento File: C:/Insper/6oSemestre/DesignDeComputadores/DesignDeComputadoresProjetos/relogio/contadorRegMemo/Decodificador3x8.vhd Line: 10
    Info (12023): Found entity 1: Decodificador3x8 File: C:/Insper/6oSemestre/DesignDeComputadores/DesignDeComputadoresProjetos/relogio/contadorRegMemo/Decodificador3x8.vhd Line: 4
Info (12021): Found 2 design units, including 1 entities, in source file decoderinstru.vhd
    Info (12022): Found design unit 1: decoderInstru-comportamento File: C:/Insper/6oSemestre/DesignDeComputadores/DesignDeComputadoresProjetos/relogio/contadorRegMemo/decoderInstru.vhd Line: 10
    Info (12023): Found entity 1: decoderInstru File: C:/Insper/6oSemestre/DesignDeComputadores/DesignDeComputadoresProjetos/relogio/contadorRegMemo/decoderInstru.vhd Line: 4
Info (12021): Found 2 design units, including 1 entities, in source file conversorhex7seg.vhd
    Info (12022): Found design unit 1: conversorHex7Seg-comportamento File: C:/Insper/6oSemestre/DesignDeComputadores/DesignDeComputadoresProjetos/relogio/contadorRegMemo/conversorHex7Seg.vhd Line: 17
    Info (12023): Found entity 1: conversorHex7Seg File: C:/Insper/6oSemestre/DesignDeComputadores/DesignDeComputadoresProjetos/relogio/contadorRegMemo/conversorHex7Seg.vhd Line: 4
Info (12021): Found 2 design units, including 1 entities, in source file buffer_3_state_8portas.vhd
    Info (12022): Found design unit 1: buffer_3_state_8portas-comportamento File: C:/Insper/6oSemestre/DesignDeComputadores/DesignDeComputadoresProjetos/relogio/contadorRegMemo/buffer_3_state_8portas.vhd Line: 11
    Info (12023): Found entity 1: buffer_3_state_8portas File: C:/Insper/6oSemestre/DesignDeComputadores/DesignDeComputadoresProjetos/relogio/contadorRegMemo/buffer_3_state_8portas.vhd Line: 4
Info (12021): Found 2 design units, including 1 entities, in source file buffer_3_state_1porta.vhd
    Info (12022): Found design unit 1: buffer_3_state_1porta-comportamento File: C:/Insper/6oSemestre/DesignDeComputadores/DesignDeComputadoresProjetos/relogio/contadorRegMemo/buffer_3_state_1porta.vhd Line: 11
    Info (12023): Found entity 1: buffer_3_state_1porta File: C:/Insper/6oSemestre/DesignDeComputadores/DesignDeComputadoresProjetos/relogio/contadorRegMemo/buffer_3_state_1porta.vhd Line: 4
Info (12021): Found 2 design units, including 1 entities, in source file contadorregmemo.vhd
    Info (12022): Found design unit 1: contadorRegMemo-arquitetura File: C:/Insper/6oSemestre/DesignDeComputadores/DesignDeComputadoresProjetos/relogio/contadorRegMemo/contadorRegMemo.vhd Line: 26
    Info (12023): Found entity 1: contadorRegMemo File: C:/Insper/6oSemestre/DesignDeComputadores/DesignDeComputadoresProjetos/relogio/contadorRegMemo/contadorRegMemo.vhd Line: 4
Info (12021): Found 2 design units, including 1 entities, in source file bancoregistradoresarqregmem.vhd
    Info (12022): Found design unit 1: bancoRegistradoresArqRegMem-comportamento File: C:/Insper/6oSemestre/DesignDeComputadores/DesignDeComputadoresProjetos/relogio/contadorRegMemo/bancoRegistradoresArqRegMem.vhd Line: 23
    Info (12023): Found entity 1: bancoRegistradoresArqRegMem File: C:/Insper/6oSemestre/DesignDeComputadores/DesignDeComputadoresProjetos/relogio/contadorRegMemo/bancoRegistradoresArqRegMem.vhd Line: 5
Info (12021): Found 2 design units, including 1 entities, in source file divisorgenerico.vhd
    Info (12022): Found design unit 1: divisorGenerico-divInteiro File: C:/Insper/6oSemestre/DesignDeComputadores/DesignDeComputadoresProjetos/relogio/contadorRegMemo/divisorGenerico.vhd Line: 15
    Info (12023): Found entity 1: divisorGenerico File: C:/Insper/6oSemestre/DesignDeComputadores/DesignDeComputadoresProjetos/relogio/contadorRegMemo/divisorGenerico.vhd Line: 5
Info (12021): Found 2 design units, including 1 entities, in source file divisorgenerico_e_interface.vhd
    Info (12022): Found design unit 1: divisorGenerico_e_Interface-interface File: C:/Insper/6oSemestre/DesignDeComputadores/DesignDeComputadoresProjetos/relogio/contadorRegMemo/divisorGenerico_e_Interface.vhd Line: 13
    Info (12023): Found entity 1: divisorGenerico_e_Interface File: C:/Insper/6oSemestre/DesignDeComputadores/DesignDeComputadoresProjetos/relogio/contadorRegMemo/divisorGenerico_e_Interface.vhd Line: 5
Info (12127): Elaborating entity "contadorRegMemo" for the top level hierarchy
Info (12128): Elaborating entity "memoriaROM" for hierarchy "memoriaROM:ROM1" File: C:/Insper/6oSemestre/DesignDeComputadores/DesignDeComputadoresProjetos/relogio/contadorRegMemo/contadorRegMemo.vhd Line: 111
Info (12128): Elaborating entity "memoriaRAM" for hierarchy "memoriaRAM:RAM1" File: C:/Insper/6oSemestre/DesignDeComputadores/DesignDeComputadoresProjetos/relogio/contadorRegMemo/contadorRegMemo.vhd Line: 113
Info (12128): Elaborating entity "processador" for hierarchy "processador:PROC" File: C:/Insper/6oSemestre/DesignDeComputadores/DesignDeComputadoresProjetos/relogio/contadorRegMemo/contadorRegMemo.vhd Line: 116
Info (12128): Elaborating entity "muxGenerico2x1" for hierarchy "processador:PROC|muxGenerico2x1:MUX1" File: C:/Insper/6oSemestre/DesignDeComputadores/DesignDeComputadoresProjetos/relogio/contadorRegMemo/processador.vhd Line: 58
Info (12128): Elaborating entity "muxGenerico4x1" for hierarchy "processador:PROC|muxGenerico4x1:MUXJUMP" File: C:/Insper/6oSemestre/DesignDeComputadores/DesignDeComputadoresProjetos/relogio/contadorRegMemo/processador.vhd Line: 65
Info (12128): Elaborating entity "decoderInstru" for hierarchy "processador:PROC|decoderInstru:DECO" File: C:/Insper/6oSemestre/DesignDeComputadores/DesignDeComputadoresProjetos/relogio/contadorRegMemo/processador.vhd Line: 72
Info (12128): Elaborating entity "logicaDesvio" for hierarchy "processador:PROC|logicaDesvio:DESV" File: C:/Insper/6oSemestre/DesignDeComputadores/DesignDeComputadoresProjetos/relogio/contadorRegMemo/processador.vhd Line: 74
Info (12128): Elaborating entity "bancoRegistradoresArqRegMem" for hierarchy "processador:PROC|bancoRegistradoresArqRegMem:REGS" File: C:/Insper/6oSemestre/DesignDeComputadores/DesignDeComputadoresProjetos/relogio/contadorRegMemo/processador.vhd Line: 80
Info (12128): Elaborating entity "registradorGenerico" for hierarchy "processador:PROC|registradorGenerico:REGEND" File: C:/Insper/6oSemestre/DesignDeComputadores/DesignDeComputadoresProjetos/relogio/contadorRegMemo/processador.vhd Line: 87
Info (12128): Elaborating entity "registradorGenerico" for hierarchy "processador:PROC|registradorGenerico:FlagEq" File: C:/Insper/6oSemestre/DesignDeComputadores/DesignDeComputadoresProjetos/relogio/contadorRegMemo/processador.vhd Line: 91
Info (12128): Elaborating entity "somaConstante" for hierarchy "processador:PROC|somaConstante:incrementaPC" File: C:/Insper/6oSemestre/DesignDeComputadores/DesignDeComputadoresProjetos/relogio/contadorRegMemo/processador.vhd Line: 98
Info (12128): Elaborating entity "ULASomaSub" for hierarchy "processador:PROC|ULASomaSub:ULA1" File: C:/Insper/6oSemestre/DesignDeComputadores/DesignDeComputadoresProjetos/relogio/contadorRegMemo/processador.vhd Line: 103
Info (12128): Elaborating entity "Decodificador3x8" for hierarchy "Decodificador3x8:DECO1" File: C:/Insper/6oSemestre/DesignDeComputadores/DesignDeComputadoresProjetos/relogio/contadorRegMemo/contadorRegMemo.vhd Line: 120
Info (12128): Elaborating entity "registradorGenerico" for hierarchy "registradorGenerico:REGLEDR" File: C:/Insper/6oSemestre/DesignDeComputadores/DesignDeComputadoresProjetos/relogio/contadorRegMemo/contadorRegMemo.vhd Line: 124
Info (12128): Elaborating entity "registradorGenerico" for hierarchy "registradorGenerico:REGHEX0" File: C:/Insper/6oSemestre/DesignDeComputadores/DesignDeComputadoresProjetos/relogio/contadorRegMemo/contadorRegMemo.vhd Line: 133
Info (12128): Elaborating entity "conversorHex7Seg" for hierarchy "conversorHex7Seg:DECOHEX0" File: C:/Insper/6oSemestre/DesignDeComputadores/DesignDeComputadoresProjetos/relogio/contadorRegMemo/contadorRegMemo.vhd Line: 151
Info (12128): Elaborating entity "buffer_3_state_8portas" for hierarchy "buffer_3_state_8portas:BUFSW0" File: C:/Insper/6oSemestre/DesignDeComputadores/DesignDeComputadoresProjetos/relogio/contadorRegMemo/contadorRegMemo.vhd Line: 194
Info (12128): Elaborating entity "buffer_3_state_1porta" for hierarchy "buffer_3_state_1porta:BUFSW1" File: C:/Insper/6oSemestre/DesignDeComputadores/DesignDeComputadoresProjetos/relogio/contadorRegMemo/contadorRegMemo.vhd Line: 197
Info (12129): Elaborating entity "edgeDetector" using architecture "A:bordasubida" for hierarchy "edgeDetector:EDGEKEY1" File: C:/Insper/6oSemestre/DesignDeComputadores/DesignDeComputadoresProjetos/relogio/contadorRegMemo/contadorRegMemo.vhd Line: 216
Info (12128): Elaborating entity "flipflopGenerico" for hierarchy "flipflopGenerico:FFKEY1" File: C:/Insper/6oSemestre/DesignDeComputadores/DesignDeComputadoresProjetos/relogio/contadorRegMemo/contadorRegMemo.vhd Line: 219
Info (12128): Elaborating entity "divisorGenerico_e_Interface" for hierarchy "divisorGenerico_e_Interface:DIVISORINTERFACE" File: C:/Insper/6oSemestre/DesignDeComputadores/DesignDeComputadoresProjetos/relogio/contadorRegMemo/contadorRegMemo.vhd Line: 240
Info (12128): Elaborating entity "divisorGenerico" for hierarchy "divisorGenerico_e_Interface:DIVISORINTERFACE|divisorGenerico:baseTempo" File: C:/Insper/6oSemestre/DesignDeComputadores/DesignDeComputadoresProjetos/relogio/contadorRegMemo/divisorGenerico_e_Interface.vhd Line: 18
Info (276014): Found 2 instances of uninferred RAM logic
    Info (276004): RAM logic "processador:PROC|bancoRegistradoresArqRegMem:REGS|registrador" is uninferred due to inappropriate RAM size File: C:/Insper/6oSemestre/DesignDeComputadores/DesignDeComputadoresProjetos/relogio/contadorRegMemo/bancoRegistradoresArqRegMem.vhd Line: 29
    Info (276007): RAM logic "memoriaRAM:RAM1|ram" is uninferred due to asynchronous read logic File: C:/Insper/6oSemestre/DesignDeComputadores/DesignDeComputadoresProjetos/relogio/contadorRegMemo/memoriaRAM.vhd Line: 27
Warning (13046): Tri-state node(s) do not directly drive top-level pin(s)
    Warning (13048): Converted tri-state node "EntradaDados[7]" into a selector File: C:/Insper/6oSemestre/DesignDeComputadores/DesignDeComputadoresProjetos/relogio/contadorRegMemo/muxGenerico2x1.vhd Line: 10
    Warning (13048): Converted tri-state node "EntradaDados[6]" into a selector File: C:/Insper/6oSemestre/DesignDeComputadores/DesignDeComputadoresProjetos/relogio/contadorRegMemo/muxGenerico2x1.vhd Line: 10
    Warning (13048): Converted tri-state node "EntradaDados[5]" into a selector File: C:/Insper/6oSemestre/DesignDeComputadores/DesignDeComputadoresProjetos/relogio/contadorRegMemo/muxGenerico2x1.vhd Line: 10
    Warning (13048): Converted tri-state node "EntradaDados[4]" into a selector File: C:/Insper/6oSemestre/DesignDeComputadores/DesignDeComputadoresProjetos/relogio/contadorRegMemo/muxGenerico2x1.vhd Line: 10
    Warning (13048): Converted tri-state node "EntradaDados[3]" into a selector File: C:/Insper/6oSemestre/DesignDeComputadores/DesignDeComputadoresProjetos/relogio/contadorRegMemo/muxGenerico2x1.vhd Line: 10
    Warning (13048): Converted tri-state node "EntradaDados[2]" into a selector File: C:/Insper/6oSemestre/DesignDeComputadores/DesignDeComputadoresProjetos/relogio/contadorRegMemo/muxGenerico2x1.vhd Line: 10
    Warning (13048): Converted tri-state node "EntradaDados[1]" into a selector File: C:/Insper/6oSemestre/DesignDeComputadores/DesignDeComputadoresProjetos/relogio/contadorRegMemo/muxGenerico2x1.vhd Line: 10
    Warning (13048): Converted tri-state node "EntradaDados[0]" into a selector File: C:/Insper/6oSemestre/DesignDeComputadores/DesignDeComputadoresProjetos/relogio/contadorRegMemo/muxGenerico2x1.vhd Line: 10
Info (286030): Timing-Driven Synthesis is running
Info (16010): Generating hard_block partition "hard_block:auto_generated_inst"
    Info (16011): Adding 0 node(s), including 0 DDIO, 0 PLL, 0 transceiver and 0 LCELL
Warning (21074): Design contains 1 input pin(s) that do not drive logic
    Warning (15610): No output dependent on input pin "KEY[0]" File: C:/Insper/6oSemestre/DesignDeComputadores/DesignDeComputadoresProjetos/relogio/contadorRegMemo/contadorRegMemo.vhd Line: 12
Info (21057): Implemented 1204 device resources after synthesis - the final resource count might be different
    Info (21058): Implemented 16 input pins
    Info (21059): Implemented 52 output pins
    Info (21061): Implemented 1136 logic cells
Info: Quartus Prime Analysis & Synthesis was successful. 0 errors, 11 warnings
    Info: Peak virtual memory: 4854 megabytes
    Info: Processing ended: Fri Nov 04 17:35:26 2022
    Info: Elapsed time: 00:00:23
    Info: Total CPU time (on all processors): 00:00:20


